c:\users\aslam\onedrive\documents\year 3\computer graphics\solution\template\opengltemplate\release\vc140.pdb
c:\users\aslam\onedrive\documents\year 3\computer graphics\solution\template\opengltemplate\release\vertexbufferobjectindexed.obj
c:\users\aslam\onedrive\documents\year 3\computer graphics\solution\template\opengltemplate\release\vertexbufferobject.obj
c:\users\aslam\onedrive\documents\year 3\computer graphics\solution\template\opengltemplate\release\texture.obj
c:\users\aslam\onedrive\documents\year 3\computer graphics\solution\template\opengltemplate\release\sphere.obj
c:\users\aslam\onedrive\documents\year 3\computer graphics\solution\template\opengltemplate\release\skybox.obj
c:\users\aslam\onedrive\documents\year 3\computer graphics\solution\template\opengltemplate\release\shaders.obj
c:\users\aslam\onedrive\documents\year 3\computer graphics\solution\template\opengltemplate\release\pyramid.obj
c:\users\aslam\onedrive\documents\year 3\computer graphics\solution\template\opengltemplate\release\plane.obj
c:\users\aslam\onedrive\documents\year 3\computer graphics\solution\template\opengltemplate\release\openassetimportmesh.obj
c:\users\aslam\onedrive\documents\year 3\computer graphics\solution\template\opengltemplate\release\matrixstack.obj
c:\users\aslam\onedrive\documents\year 3\computer graphics\solution\template\opengltemplate\release\highresolutiontimer.obj
c:\users\aslam\onedrive\documents\year 3\computer graphics\solution\template\opengltemplate\release\gamewindow.obj
c:\users\aslam\onedrive\documents\year 3\computer graphics\solution\template\opengltemplate\release\game.obj
c:\users\aslam\onedrive\documents\year 3\computer graphics\solution\template\opengltemplate\release\freetypefont.obj
c:\users\aslam\onedrive\documents\year 3\computer graphics\solution\template\opengltemplate\release\cubemap.obj
c:\users\aslam\onedrive\documents\year 3\computer graphics\solution\template\opengltemplate\release\cube.obj
c:\users\aslam\onedrive\documents\year 3\computer graphics\solution\template\opengltemplate\release\catmullrom.obj
c:\users\aslam\onedrive\documents\year 3\computer graphics\solution\template\opengltemplate\release\camera.obj
c:\users\aslam\onedrive\documents\year 3\computer graphics\solution\template\opengltemplate\release\audio.obj
c:\users\aslam\onedrive\documents\year 3\computer graphics\solution\template\release\opengltemplate.exe
c:\users\aslam\onedrive\documents\year 3\computer graphics\solution\template\release\opengltemplate.ipdb
c:\users\aslam\onedrive\documents\year 3\computer graphics\solution\template\release\opengltemplate.iobj
c:\users\aslam\onedrive\documents\year 3\computer graphics\solution\template\release\opengltemplate.pdb
c:\users\aslam\onedrive\documents\year 3\computer graphics\computer graphics coursework\template\opengltemplate\release\audio.obj
c:\users\aslam\onedrive\documents\year 3\computer graphics\computer graphics coursework\template\opengltemplate\release\camera.obj
c:\users\aslam\onedrive\documents\year 3\computer graphics\computer graphics coursework\template\opengltemplate\release\catmullrom.obj
c:\users\aslam\onedrive\documents\year 3\computer graphics\computer graphics coursework\template\opengltemplate\release\cube.obj
c:\users\aslam\onedrive\documents\year 3\computer graphics\computer graphics coursework\template\opengltemplate\release\cubemap.obj
c:\users\aslam\onedrive\documents\year 3\computer graphics\computer graphics coursework\template\opengltemplate\release\freetypefont.obj
c:\users\aslam\onedrive\documents\year 3\computer graphics\computer graphics coursework\template\opengltemplate\release\game.obj
c:\users\aslam\onedrive\documents\year 3\computer graphics\computer graphics coursework\template\opengltemplate\release\gamewindow.obj
c:\users\aslam\onedrive\documents\year 3\computer graphics\computer graphics coursework\template\opengltemplate\release\highresolutiontimer.obj
c:\users\aslam\onedrive\documents\year 3\computer graphics\computer graphics coursework\template\opengltemplate\release\matrixstack.obj
c:\users\aslam\onedrive\documents\year 3\computer graphics\computer graphics coursework\template\opengltemplate\release\openassetimportmesh.obj
c:\users\aslam\onedrive\documents\year 3\computer graphics\computer graphics coursework\template\opengltemplate\release\plane.obj
c:\users\aslam\onedrive\documents\year 3\computer graphics\computer graphics coursework\template\opengltemplate\release\pyramid.obj
c:\users\aslam\onedrive\documents\year 3\computer graphics\computer graphics coursework\template\opengltemplate\release\shaders.obj
c:\users\aslam\onedrive\documents\year 3\computer graphics\computer graphics coursework\template\opengltemplate\release\skybox.obj
c:\users\aslam\onedrive\documents\year 3\computer graphics\computer graphics coursework\template\opengltemplate\release\sphere.obj
c:\users\aslam\onedrive\documents\year 3\computer graphics\computer graphics coursework\template\opengltemplate\release\texture.obj
c:\users\aslam\onedrive\documents\year 3\computer graphics\computer graphics coursework\template\opengltemplate\release\vertexbufferobject.obj
c:\users\aslam\onedrive\documents\year 3\computer graphics\computer graphics coursework\template\opengltemplate\release\vertexbufferobjectindexed.obj
c:\users\aslam\onedrive\documents\year 3\computer graphics\computer graphics coursework\template\opengltemplate\release\vc140.pdb
c:\users\aslam\onedrive\documents\year 3\computer graphics\computer graphics coursework\template\release\opengltemplate.pdb
c:\users\aslam\onedrive\documents\year 3\computer graphics\computer graphics coursework\template\release\opengltemplate.exe
c:\users\aslam\onedrive\documents\year 3\computer graphics\computer graphics coursework\template\opengltemplate\release\opengltemplate.tlog\cl.command.1.tlog
c:\users\aslam\onedrive\documents\year 3\computer graphics\computer graphics coursework\template\opengltemplate\release\opengltemplate.tlog\cl.read.1.tlog
c:\users\aslam\onedrive\documents\year 3\computer graphics\computer graphics coursework\template\opengltemplate\release\opengltemplate.tlog\cl.write.1.tlog
c:\users\aslam\onedrive\documents\year 3\computer graphics\computer graphics coursework\template\opengltemplate\release\opengltemplate.tlog\link.command.1.tlog
c:\users\aslam\onedrive\documents\year 3\computer graphics\computer graphics coursework\template\opengltemplate\release\opengltemplate.tlog\link.read.1.tlog
c:\users\aslam\onedrive\documents\year 3\computer graphics\computer graphics coursework\template\opengltemplate\release\opengltemplate.tlog\link.write.1.tlog
